<?xml version="1.0" encoding="UTF-8"?>
<!-- Generated by org.testng.reporters.JUnitReportReporter -->
<testsuite hostname="CPDK290" failures="0" tests="2" name="runner_pack.Test_runner" time="348.395" errors="0" timestamp="2024-09-23T14:43:57 IST" skipped="0">
  <testcase classname="runner_pack.Test_runner" name="runScenario" time="173.689"/>
  <testcase classname="runner_pack.Test_runner" name="runScenario" time="174.706"/>
</testsuite> <!-- runner_pack.Test_runner -->
