<?xml version="1.0" encoding="UTF-8"?>
<!-- Generated by org.testng.reporters.JUnitReportReporter -->
<testsuite hostname="CPDK290" failures="0" tests="2" name="runner_pack.Test_runner1" time="458.642" errors="0" timestamp="2024-08-07T18:28:13 IST" skipped="0">
  <testcase classname="runner_pack.Test_runner1" name="runScenario" time="227.079"/>
  <testcase classname="runner_pack.Test_runner1" name="runScenario" time="231.563"/>
</testsuite> <!-- runner_pack.Test_runner1 -->
