<?xml version="1.0" encoding="UTF-8"?>
<!-- Generated by org.testng.reporters.JUnitReportReporter -->
<testsuite hostname="CPDK290" failures="0" tests="1" name="apiMethodPractice.BDD_api_practice" time="5.373" errors="0" timestamp="2024-07-03T16:13:32 IST" skipped="0">
  <testcase classname="apiMethodPractice.BDD_api_practice" name="posBdd" time="5.373"/>
</testsuite> <!-- apiMethodPractice.BDD_api_practice -->
