<?xml version="1.0" encoding="UTF-8"?>
<!-- Generated by org.testng.reporters.JUnitReportReporter -->
<testsuite hostname="CPDK290" failures="0" tests="4" name="apiMethodPractice.Practice_Api_Methods" time="2.468" errors="0" timestamp="2024-07-17T17:07:17 IST" skipped="3">
  <testcase classname="apiMethodPractice.Practice_Api_Methods" name="putOneEmployee" time="2.468"/>
  <testcase classname="apiMethodPractice.Practice_Api_Methods" name="deleteEmployee">
    <skipped/>
  </testcase> <!-- deleteEmployee -->
  <testcase classname="apiMethodPractice.Practice_Api_Methods" name="postOneEmployee">
    <skipped/>
  </testcase> <!-- postOneEmployee -->
  <testcase classname="apiMethodPractice.Practice_Api_Methods" name="getallEmployee">
    <skipped/>
  </testcase> <!-- getallEmployee -->
</testsuite> <!-- apiMethodPractice.Practice_Api_Methods -->
