<?xml version="1.0" encoding="UTF-8"?>
<!-- Generated by org.testng.reporters.JUnitReportReporter -->
<testsuite hostname="CPDK290" failures="0" tests="1" name="apiMethodPractice.serialization_dataBind" time="0.684" errors="0" timestamp="2024-09-02T14:41:39 IST" skipped="0">
  <testcase classname="apiMethodPractice.serialization_dataBind" name="setEmployee" time="0.684"/>
</testsuite> <!-- apiMethodPractice.serialization_dataBind -->
