<?xml version="1.0" encoding="UTF-8"?>
<!-- Generated by org.testng.reporters.JUnitReportReporter -->
<testsuite hostname="CPDK290" failures="0" tests="1" name="apiMethodPractice.OauthPractice" time="4.971" errors="0" timestamp="2024-07-23T15:21:06 IST" skipped="0">
  <testcase classname="apiMethodPractice.OauthPractice" name="postOauth" time="4.971"/>
</testsuite> <!-- apiMethodPractice.OauthPractice -->
