<?xml version="1.0" encoding="UTF-8"?>
<!-- Generated by org.testng.reporters.JUnitReportReporter -->
<testsuite hostname="CPDK290" failures="0" tests="1" name="apiMethodPractice.JiraCtreateIssuePractice" time="9.887" errors="0" timestamp="2024-08-23T17:56:27 IST" skipped="0">
  <testcase classname="apiMethodPractice.JiraCtreateIssuePractice" name="createIssue" time="9.887"/>
</testsuite> <!-- apiMethodPractice.JiraCtreateIssuePractice -->
