<?xml version="1.0" encoding="UTF-8"?>
<!-- Generated by org.testng.reporters.JUnitReportReporter -->
<testsuite hostname="CPDK290" failures="0" tests="2" name="testRunner.Runner" time="180.711" errors="0" timestamp="2024-07-25T17:21:25 IST" skipped="0">
  <testcase classname="testRunner.Runner" name="runScenario" time="89.384"/>
  <testcase classname="testRunner.Runner" name="runScenario" time="91.327"/>
</testsuite> <!-- testRunner.Runner -->
