<?xml version="1.0" encoding="UTF-8"?>
<!-- Generated by org.testng.reporters.JUnitReportReporter -->
<testsuite hostname="CPDK290" failures="0" tests="1" name="dc.Filereading" time="0.042" errors="0" timestamp="2024-08-30T12:39:11 IST" skipped="0">
  <testcase classname="dc.Filereading" name="readjson" time="0.042"/>
</testsuite> <!-- dc.Filereading -->
