<?xml version="1.0" encoding="UTF-8"?>
<!-- Generated by org.testng.reporters.JUnitReportReporter -->
<testsuite hostname="CPDK290" failures="0" tests="1" name="dc.DataBind_Filereading" time="0.021" errors="0" timestamp="2024-10-08T18:57:56 IST" skipped="0">
  <testcase classname="dc.DataBind_Filereading" name="readJson" time="0.021"/>
</testsuite> <!-- dc.DataBind_Filereading -->
