<?xml version="1.0" encoding="UTF-8"?>
<!-- Generated by org.testng.reporters.JUnitReportReporter -->
<testsuite hostname="CPDK290" failures="0" tests="1" name="dc.Demo" time="0.029" errors="0" timestamp="2024-09-02T12:03:29 IST" skipped="0">
  <testcase classname="dc.Demo" name="jsonToObject" time="0.029"/>
</testsuite> <!-- dc.Demo -->
